[2026-01-20 05:30:50] local.DEBUG: Requested file download: 2025/01-25/Arquivos Fiscais 01-2025 úchoa.silvana.rar  
[2026-01-20 05:35:27] local.DEBUG: Requested file download: 2025/01-25/Arquivos Fiscais 01-2025 úchoa.silvana.rar  
[2026-01-20 05:55:11] local.ERROR: The token has been blacklisted {"exception":"[object] (PHPOpenSourceSaver\\JWTAuth\\Exceptions\\TokenBlacklistedException(code: 0): The token has been blacklisted at /var/www/WebSiteApp/api/vendor/php-open-source-saver/jwt-auth/src/Manager.php:115)
[stacktrace]
#0 /var/www/WebSiteApp/api/vendor/php-open-source-saver/jwt-auth/src/JWT.php(193): PHPOpenSourceSaver\\JWTAuth\\Manager->decode()
#1 /var/www/WebSiteApp/api/vendor/php-open-source-saver/jwt-auth/src/JWT.php(203): PHPOpenSourceSaver\\JWTAuth\\JWT->getPayload()
#2 /var/www/WebSiteApp/api/vendor/php-open-source-saver/jwt-auth/src/JWT.php(273): PHPOpenSourceSaver\\JWTAuth\\JWT->payload()
#3 /var/www/WebSiteApp/api/vendor/php-open-source-saver/jwt-auth/src/JWTGuard.php(473): PHPOpenSourceSaver\\JWTAuth\\JWT->checkSubjectModel()
#4 /var/www/WebSiteApp/api/vendor/php-open-source-saver/jwt-auth/src/JWTGuard.php(105): PHPOpenSourceSaver\\JWTAuth\\JWTGuard->validateSubject()
#5 /var/www/WebSiteApp/api/vendor/laravel/framework/src/Illuminate/Auth/GuardHelpers.php(56): PHPOpenSourceSaver\\JWTAuth\\JWTGuard->user()
#6 /var/www/WebSiteApp/api/vendor/laravel/framework/src/Illuminate/Auth/Middleware/Authenticate.php(83): PHPOpenSourceSaver\\JWTAuth\\JWTGuard->check()
#7 /var/www/WebSiteApp/api/vendor/laravel/framework/src/Illuminate/Auth/Middleware/Authenticate.php(62): Illuminate\\Auth\\Middleware\\Authenticate->authenticate()
#8 /var/www/WebSiteApp/api/vendor/laravel/framework/src/Illuminate/Pipeline/Pipeline.php(183): Illuminate\\Auth\\Middleware\\Authenticate->handle()
#9 /var/www/WebSiteApp/api/vendor/laravel/framework/src/Illuminate/Pipeline/Pipeline.php(119): Illuminate\\Pipeline\\Pipeline->Illuminate\\Pipeline\\{closure}()
#10 /var/www/WebSiteApp/api/vendor/laravel/framework/src/Illuminate/Routing/Router.php(805): Illuminate\\Pipeline\\Pipeline->then()
#11 /var/www/WebSiteApp/api/vendor/laravel/framework/src/Illuminate/Routing/Router.php(784): Illuminate\\Routing\\Router->runRouteWithinStack()
#12 /var/www/WebSiteApp/api/vendor/laravel/framework/src/Illuminate/Routing/Router.php(748): Illuminate\\Routing\\Router->runRoute()
#13 /var/www/WebSiteApp/api/vendor/laravel/framework/src/Illuminate/Routing/Router.php(737): Illuminate\\Routing\\Router->dispatchToRoute()
#14 /var/www/WebSiteApp/api/vendor/laravel/framework/src/Illuminate/Foundation/Http/Kernel.php(200): Illuminate\\Routing\\Router->dispatch()
#15 /var/www/WebSiteApp/api/vendor/laravel/framework/src/Illuminate/Pipeline/Pipeline.php(144): Illuminate\\Foundation\\Http\\Kernel->Illuminate\\Foundation\\Http\\{closure}()
#16 /var/www/WebSiteApp/api/vendor/laravel/framework/src/Illuminate/Foundation/Http/Middleware/TransformsRequest.php(21): Illuminate\\Pipeline\\Pipeline->Illuminate\\Pipeline\\{closure}()
#17 /var/www/WebSiteApp/api/vendor/laravel/framework/src/Illuminate/Foundation/Http/Middleware/ConvertEmptyStringsToNull.php(31): Illuminate\\Foundation\\Http\\Middleware\\TransformsRequest->handle()
#18 /var/www/WebSiteApp/api/vendor/laravel/framework/src/Illuminate/Pipeline/Pipeline.php(183): Illuminate\\Foundation\\Http\\Middleware\\ConvertEmptyStringsToNull->handle()
#19 /var/www/WebSiteApp/api/vendor/laravel/framework/src/Illuminate/Foundation/Http/Middleware/TransformsRequest.php(21): Illuminate\\Pipeline\\Pipeline->Illuminate\\Pipeline\\{closure}()
#20 /var/www/WebSiteApp/api/vendor/laravel/framework/src/Illuminate/Foundation/Http/Middleware/TrimStrings.php(51): Illuminate\\Foundation\\Http\\Middleware\\TransformsRequest->handle()
#21 /var/www/WebSiteApp/api/vendor/laravel/framework/src/Illuminate/Pipeline/Pipeline.php(183): Illuminate\\Foundation\\Http\\Middleware\\TrimStrings->handle()
#22 /var/www/WebSiteApp/api/vendor/laravel/framework/src/Illuminate/Http/Middleware/ValidatePostSize.php(27): Illuminate\\Pipeline\\Pipeline->Illuminate\\Pipeline\\{closure}()
#23 /var/www/WebSiteApp/api/vendor/laravel/framework/src/Illuminate/Pipeline/Pipeline.php(183): Illuminate\\Http\\Middleware\\ValidatePostSize->handle()
#24 /var/www/WebSiteApp/api/vendor/laravel/framework/src/Illuminate/Foundation/Http/Middleware/PreventRequestsDuringMaintenance.php(110): Illuminate\\Pipeline\\Pipeline->Illuminate\\Pipeline\\{closure}()
#25 /var/www/WebSiteApp/api/vendor/laravel/framework/src/Illuminate/Pipeline/Pipeline.php(183): Illuminate\\Foundation\\Http\\Middleware\\PreventRequestsDuringMaintenance->handle()
#26 /var/www/WebSiteApp/api/vendor/laravel/framework/src/Illuminate/Http/Middleware/HandleCors.php(62): Illuminate\\Pipeline\\Pipeline->Illuminate\\Pipeline\\{closure}()
#27 /var/www/WebSiteApp/api/vendor/laravel/framework/src/Illuminate/Pipeline/Pipeline.php(183): Illuminate\\Http\\Middleware\\HandleCors->handle()
#28 /var/www/WebSiteApp/api/vendor/laravel/framework/src/Illuminate/Http/Middleware/TrustProxies.php(57): Illuminate\\Pipeline\\Pipeline->Illuminate\\Pipeline\\{closure}()
#29 /var/www/WebSiteApp/api/vendor/laravel/framework/src/Illuminate/Pipeline/Pipeline.php(183): Illuminate\\Http\\Middleware\\TrustProxies->handle()
#30 /var/www/WebSiteApp/api/vendor/laravel/framework/src/Illuminate/Pipeline/Pipeline.php(119): Illuminate\\Pipeline\\Pipeline->Illuminate\\Pipeline\\{closure}()
#31 /var/www/WebSiteApp/api/vendor/laravel/framework/src/Illuminate/Foundation/Http/Kernel.php(175): Illuminate\\Pipeline\\Pipeline->then()
#32 /var/www/WebSiteApp/api/vendor/laravel/framework/src/Illuminate/Foundation/Http/Kernel.php(144): Illuminate\\Foundation\\Http\\Kernel->sendRequestThroughRouter()
#33 /var/www/WebSiteApp/api/vendor/laravel/framework/src/Illuminate/Foundation/Application.php(1183): Illuminate\\Foundation\\Http\\Kernel->handle()
#34 /var/www/WebSiteApp/api/public/index.php(17): Illuminate\\Foundation\\Application->handleRequest()
#35 /var/www/WebSiteApp/api/vendor/laravel/framework/src/Illuminate/Foundation/resources/server.php(23): require_once('...')
#36 {main}
"} 
